<?xml version="1.0" encoding="UTF-8"?>
<!-- Generated by org.testng.reporters.JUnitReportReporter -->
<testsuite hostname="LAPTOP-P7IQEAJU" failures="0" tests="1" name="New.Sample1" time="3.386" errors="0" timestamp="2025-02-11T14:57:18 IST" skipped="0">
  <testcase classname="New.Sample1" name="sample" time="3.386"/>
</testsuite> <!-- New.Sample1 -->
