<?xml version="1.0" encoding="UTF-8"?>
<!-- Generated by org.testng.reporters.JUnitReportReporter -->
<testsuite hostname="LAPTOP-P7IQEAJU" failures="0" tests="3" name="CreateOrg.CreateOrganizationTest" time="40.830" errors="0" timestamp="2025-02-16T21:28:19 IST" skipped="0">
  <testcase classname="CreateOrg.CreateOrganizationTest" name="createOrganizationWithContact" time="16.722"/>
  <testcase classname="CreateOrg.CreateOrganizationTest" name="createOrganizationWithIndustry" time="11.276"/>
  <testcase classname="CreateOrg.CreateOrganizationTest" name="createOrganizationTest" time="12.832"/>
</testsuite> <!-- CreateOrg.CreateOrganizationTest -->
