<?xml version="1.0" encoding="UTF-8"?>
<!-- Generated by org.testng.reporters.JUnitReportReporter -->
<testsuite hostname="LAPTOP-P7IQEAJU" failures="0" tests="3" name="CreateOrganization.CreateOrganizationTest" time="19.608" errors="0" timestamp="2025-02-17T12:05:30 IST" skipped="0">
  <testcase classname="CreateOrganization.CreateOrganizationTest" name="createOrganizationWithIndustry" time="7.050"/>
  <testcase classname="CreateOrganization.CreateOrganizationTest" name="createOrganizationTest" time="6.378"/>
  <testcase classname="CreateOrganization.CreateOrganizationTest" name="createOrganizationWithContact" time="6.180"/>
</testsuite> <!-- CreateOrganization.CreateOrganizationTest -->
