<?xml version="1.0" encoding="UTF-8"?>
<!-- Generated by org.testng.reporters.JUnitReportReporter -->
<testsuite hostname="LAPTOP-P7IQEAJU" failures="0" tests="1" name="CreateOrg.SampleTestForScreenShot" time="4.232" errors="0" timestamp="2025-02-13T10:55:21 IST" skipped="0">
  <testcase classname="CreateOrg.SampleTestForScreenShot" name="amazonTest" time="4.232"/>
</testsuite> <!-- CreateOrg.SampleTestForScreenShot -->
