<?xml version="1.0" encoding="UTF-8"?>
<!-- Generated by org.testng.reporters.JUnitReportReporter -->
<testsuite hostname="LAPTOP-P7IQEAJU" failures="0" tests="1" name="CreateOrgTest.CreateContactTest" time="20.342" errors="0" timestamp="2025-02-16T22:04:49 IST" skipped="0">
  <testcase classname="CreateOrgTest.CreateContactTest" name="createContactTest" time="20.342"/>
</testsuite> <!-- CreateOrgTest.CreateContactTest -->
