<?xml version="1.0" encoding="UTF-8"?>
<!-- Generated by org.testng.reporters.JUnitReportReporter -->
<testsuite hostname="LAPTOP-P7IQEAJU" failures="0" tests="6" name="CreateOrgTest.CreateOrganizationTest" time="16.412" errors="0" timestamp="2025-02-12T16:29:29 IST" skipped="0">
  <testcase classname="CreateOrgTest.CreateOrganizationTest" name="createOrgWithPhoneNumber" time="3.745"/>
  <testcase classname="CreateOrgTest.CreateOrganizationTest" name="createOrgWithPhoneNumber" time="3.826"/>
  <testcase classname="CreateOrgTest.CreateOrganizationTest" name="createOrgWithIndustry" time="1.976"/>
  <testcase classname="CreateOrgTest.CreateOrganizationTest" name="createOrg" time="2.129"/>
  <testcase classname="CreateOrgTest.CreateOrganizationTest" name="createOrgWithIndustry" time="2.530"/>
  <testcase classname="CreateOrgTest.CreateOrganizationTest" name="createOrg" time="2.206"/>
</testsuite> <!-- CreateOrgTest.CreateOrganizationTest -->
